

*******************************************************************************
Sat May 18 21:45:22 2024


FIT:    data read from 've.data' u 1:2
        format = x:z
        #datapoints = 18
        residuals are weighted equally (unit weight)

function used for fitting: f(x)
	f(x) = (a*x/(b*(b-1)))*(b*(1-c/x)+(c/x)**b-1)+d
fitted parameters initialized with current variable values

iter      chisq       delta/lim  lambda   a             b             c             d            
   0 4.4727500640e+03   0.00e+00  3.01e+02    1.264630e-02   2.998130e+00   3.359430e+01  -6.027500e+02
   9 1.4702677275e-08  -5.87e-03  3.01e-07    1.278638e-02   3.363159e+00   3.340388e+01  -6.185135e+02

After 9 iterations the fit converged.
final sum of squares of residuals : 1.47027e-08
rel. change during last iteration : -5.86682e-08

degrees of freedom    (FIT_NDF)                        : 14
rms of residuals      (FIT_STDFIT) = sqrt(WSSR/ndf)    : 3.24067e-05
variance of residuals (reduced chisquare) = WSSR/ndf   : 1.05019e-09

Final set of parameters            Asymptotic Standard Error
=======================            ==========================
a               = 0.0127864        +/- 2.801e-05    (0.2191%)
b               = 3.36316          +/- 0.05383      (1.6%)
c               = 33.4039          +/- 0.01152      (0.03448%)
d               = -618.513         +/- 9.536e-06    (1.542e-06%)

correlation matrix of the fit parameters:
                a      b      c      d      
a               1.000 
b               0.064  1.000 
c              -0.116 -0.886  1.000 
d              -0.594  0.025 -0.001  1.000 


*******************************************************************************
Sat May 18 21:46:09 2024


FIT:    data read from 've.data' u 1:2
        format = x:z
        #datapoints = 18
        residuals are weighted equally (unit weight)

function used for fitting: f(x)
	f(x) = (a*x/(b*(b-1)))*(b*(1-c/x)+(c/x)**b-1)+d
fitted parameters initialized with current variable values

iter      chisq       delta/lim  lambda   a             b             c             d            
   0 3.8087848164e-06   0.00e+00  3.09e+02    1.278640e-02   3.363160e+00   3.340390e+01  -6.185130e+02
   3 1.4702699452e-08  -1.36e-03  3.09e-01    1.278640e-02   3.363160e+00   3.340390e+01  -6.185135e+02

After 3 iterations the fit converged.
final sum of squares of residuals : 1.47027e-08
rel. change during last iteration : -1.35669e-08

degrees of freedom    (FIT_NDF)                        : 14
rms of residuals      (FIT_STDFIT) = sqrt(WSSR/ndf)    : 3.24067e-05
variance of residuals (reduced chisquare) = WSSR/ndf   : 1.05019e-09

Final set of parameters            Asymptotic Standard Error
=======================            ==========================
a               = 0.0127864        +/- 2.801e-05    (0.2191%)
b               = 3.36316          +/- 0.05383      (1.6%)
c               = 33.4039          +/- 0.01152      (0.03448%)
d               = -618.513         +/- 9.536e-06    (1.542e-06%)

correlation matrix of the fit parameters:
                a      b      c      d      
a               1.000 
b               0.064  1.000 
c              -0.116 -0.886  1.000 
d              -0.594  0.025 -0.001  1.000 
