

*******************************************************************************
Thu May 16 17:58:40 2024


FIT:    data read from 've.data' u 1:2
        format = x:z
        #datapoints = 18
        residuals are weighted equally (unit weight)

function used for fitting: f(x)
	f(x) = (a*x/(b*(b-1)))*(b*(1-c/x)+(c/x)**b-1)+d
fitted parameters initialized with current variable values

iter      chisq       delta/lim  lambda   a             b             c             d            
   0 4.3295252235e+03   0.00e+00  2.94e+02    1.232560e-02   3.148440e+00   3.370360e+01  -5.872410e+02
   8 7.8959381890e-08  -5.74e-01  2.94e-06    1.244206e-02   3.298973e+00   3.357116e+01  -6.027500e+02

After 8 iterations the fit converged.
final sum of squares of residuals : 7.89594e-08
rel. change during last iteration : -5.73962e-06

degrees of freedom    (FIT_NDF)                        : 14
rms of residuals      (FIT_STDFIT) = sqrt(WSSR/ndf)    : 7.50996e-05
variance of residuals (reduced chisquare) = WSSR/ndf   : 5.63996e-09

Final set of parameters            Asymptotic Standard Error
=======================            ==========================
a               = 0.0124421        +/- 6.469e-05    (0.52%)
b               = 3.29897          +/- 0.128        (3.881%)
c               = 33.5712          +/- 0.02751      (0.08194%)
d               = -602.75          +/- 2.21e-05     (3.667e-06%)

correlation matrix of the fit parameters:
                a      b      c      d      
a               1.000 
b               0.108  1.000 
c              -0.141 -0.886  1.000 
d              -0.595 -0.000  0.020  1.000 
