 &plot nbnd=  11, nks=    81 /
            0.250000  0.353553  0.612372
  -36.468  -12.736  -12.736  -12.736   16.550   16.550   16.550   21.682   21.682   26.961
   29.400
            0.225000  0.318198  0.612372
  -36.468  -12.836  -12.730  -12.636   16.350   16.469   16.798   21.659   21.679   27.023
   28.808
            0.200000  0.282843  0.612372
  -36.469  -12.934  -12.713  -12.538   16.198   16.242   17.095   21.592   21.670   27.202
   28.162
            0.175000  0.247487  0.612372
  -36.471  -13.026  -12.686  -12.444   15.909   16.091   17.436   21.491   21.655   27.475
   27.486
            0.150000  0.212132  0.612372
  -36.474  -13.111  -12.652  -12.358   15.519   16.024   17.816   21.371   21.637   26.801
   27.816
            0.125000  0.176777  0.612372
  -36.476  -13.187  -12.614  -12.281   15.118   15.990   18.228   21.246   21.617   26.124
   28.193
            0.100000  0.141421  0.612372
  -36.479  -13.251  -12.576  -12.216   14.743   15.982   18.656   21.127   21.597   25.473
   28.575
            0.075000  0.106066  0.612372
  -36.482  -13.303  -12.541  -12.163   14.425   15.990   19.079   21.026   21.579   24.875
   28.928
            0.050000  0.070711  0.612372
  -36.483  -13.341  -12.513  -12.124   14.183   16.004   19.460   20.949   21.565   24.368
   29.216
            0.025000  0.035355  0.612372
  -36.485  -13.364  -12.496  -12.101   14.033   16.016   19.738   20.902   21.556   24.013
   29.407
            0.000000  0.000000  0.612372
  -36.485  -13.372  -12.489  -12.093   13.982   16.021   19.844   20.885   21.553   23.882
   29.300
            0.000000  0.000000  0.551135
  -36.491  -13.342  -12.480  -12.092   14.011   16.060   19.556   20.913   21.513   23.628
   29.741
            0.000000  0.000000  0.489898
  -36.507  -13.256  -12.452  -12.092   14.079   16.175   18.916   20.877   21.408   22.966
   29.885
            0.000000  0.000000  0.428661
  -36.533  -13.121  -12.408  -12.090   14.119   16.359   18.223   20.733   21.269   22.092
   30.536
            0.000000  0.000000  0.367423
  -36.566  -12.947  -12.352  -12.089   14.013   16.604   17.715   20.535   21.130   21.164
   31.302
            0.000000  0.000000  0.306186
  -36.602  -12.750  -12.289  -12.087   13.666   16.893   17.540   20.279   20.357   21.014
   32.019
            0.000000  0.000000  0.244949
  -36.637  -12.549  -12.226  -12.085   13.145   17.204   17.633   19.500   20.271   20.934
   32.449
            0.000000  0.000000  0.183712
  -36.669  -12.363  -12.168  -12.083   12.600   17.507   17.808   18.862   20.334   20.887
   32.470
            0.000000  0.000000  0.122474
  -36.694  -12.213  -12.122  -12.082   12.147   17.766   17.935   18.391   20.537   20.867
   32.255
            0.000000  0.000000  0.061237
  -36.711  -12.115  -12.092  -12.081   11.853   17.942   17.991   18.102   20.763   20.862
   32.042
            0.000000  0.000000  0.000000
  -36.716  -12.081  -12.081  -12.081   11.751   18.005   18.005   18.005   20.861   20.861
   31.958
           -0.025000  0.017678  0.030619
  -36.714  -12.093  -12.086  -12.086   11.802   17.999   17.999   18.028   20.783   20.887
   32.030
           -0.050000  0.035355  0.061237
  -36.705  -12.128  -12.102  -12.102   11.953   17.983   17.983   18.096   20.559   20.965
   32.237
           -0.075000  0.053033  0.091856
  -36.691  -12.184  -12.128  -12.128   12.199   17.965   17.965   18.210   20.212   21.088
   32.552
           -0.100000  0.070711  0.122474
  -36.673  -12.257  -12.163  -12.163   12.529   17.953   17.953   18.368   19.773   21.251
   32.943
           -0.125000  0.088388  0.153093
  -36.651  -12.342  -12.206  -12.206   12.929   17.959   17.959   18.569   19.272   21.441
   33.378
           -0.150000  0.106066  0.183712
  -36.625  -12.434  -12.258  -12.258   13.382   17.994   17.994   18.736   18.810   21.642
   33.832
           -0.175000  0.123744  0.214330
  -36.597  -12.528  -12.316  -12.316   13.862   18.067   18.067   18.187   19.090   21.836
   33.677
           -0.200000  0.141421  0.244949
  -36.567  -12.619  -12.380  -12.380   14.341   17.641   18.187   18.187   19.405   22.006
   32.902
           -0.225000  0.159099  0.275568
  -36.536  -12.703  -12.447  -12.447   14.780   17.112   18.360   18.360   19.750   22.148
   32.419
           -0.250000  0.176777  0.306186
  -36.504  -12.776  -12.516  -12.516   15.137   16.608   18.592   18.592   20.122   22.282
   32.245
           -0.275000  0.194454  0.336805
  -36.474  -12.838  -12.586  -12.586   15.366   16.137   18.884   18.884   20.513   22.456
   32.365
           -0.300000  0.212132  0.367423
  -36.445  -12.887  -12.654  -12.654   15.439   15.705   19.239   19.239   20.917   22.724
   32.740
           -0.325000  0.229810  0.398042
  -36.418  -12.922  -12.719  -12.719   15.316   15.360   19.657   19.657   21.323   23.118
   32.642
           -0.350000  0.247487  0.428661
  -36.394  -12.947  -12.779  -12.779   14.973   15.165   20.134   20.134   21.721   23.632
   31.521
           -0.375000  0.265165  0.459279
  -36.373  -12.961  -12.833  -12.833   14.680   14.903   20.667   20.667   22.098   24.237
   30.421
           -0.400000  0.282843  0.489898
  -36.355  -12.968  -12.879  -12.879   14.437   14.626   21.245   21.245   22.438   24.886
   29.365
           -0.425000  0.300520  0.520517
  -36.342  -12.969  -12.917  -12.917   14.247   14.372   21.850   21.850   22.726   25.522
   28.381
           -0.450000  0.318198  0.551135
  -36.331  -12.968  -12.944  -12.944   14.111   14.172   22.441   22.441   22.946   26.076
   27.516
           -0.475000  0.335876  0.581754
  -36.325  -12.967  -12.961  -12.961   14.028   14.045   22.928   22.928   23.085   26.463
   26.864
           -0.500000  0.353553  0.612372
  -36.323  -12.966  -12.966  -12.966   14.001   14.001   23.132   23.132   23.132   26.604
   26.604
           -0.462500  0.353553  0.612372
  -36.325  -12.967  -12.967  -12.956   14.028   14.028   22.883   23.083   23.083   26.667
   26.667
           -0.425000  0.353553  0.612372
  -36.329  -12.971  -12.971  -12.926   14.107   14.107   22.266   22.946   22.946   26.841
   26.841
           -0.387500  0.353553  0.612372
  -36.337  -12.976  -12.976  -12.877   14.238   14.238   21.472   22.748   22.748   27.097
   27.097
           -0.350000  0.353553  0.612372
  -36.346  -12.983  -12.983  -12.812   14.415   14.415   20.618   22.519   22.519   27.398
   27.398
           -0.312500  0.353553  0.612372
  -36.358  -12.991  -12.991  -12.735   14.636   14.636   19.762   22.279   22.279   27.713
   27.713
           -0.275000  0.353553  0.612372
  -36.370  -12.999  -12.999  -12.649   14.892   14.892   18.943   22.046   22.046   28.013
   28.090
           -0.237500  0.353553  0.612372
  -36.384  -13.006  -13.006  -12.561   15.176   15.176   18.182   21.831   21.831   28.123
   28.271
           -0.200000  0.353553  0.612372
  -36.398  -13.011  -13.011  -12.474   15.477   15.477   17.497   21.642   21.642   28.105
   28.468
           -0.162500  0.353553  0.612372
  -36.412  -13.013  -13.013  -12.394   15.782   15.782   16.900   21.488   21.488   28.054
   28.589
           -0.125000  0.353553  0.612372
  -36.425  -13.013  -13.013  -12.327   16.076   16.076   16.402   21.374   21.374   27.981
   28.636
           -0.087500  0.353553  0.612372
  -36.436  -13.008  -13.008  -12.277   16.008   16.343   16.343   21.305   21.305   27.895
   28.621
           -0.050000  0.353553  0.612372
  -36.446  -12.999  -12.999  -12.248   15.723   16.568   16.568   21.283   21.283   27.800
   28.571
           -0.012500  0.353553  0.612372
  -36.454  -12.984  -12.984  -12.242   15.546   16.737   16.737   21.305   21.305   27.698
   28.515
            0.025000  0.353553  0.612372
  -36.460  -12.964  -12.964  -12.260   15.476   16.846   16.846   21.361   21.361   27.590
   28.482
            0.062500  0.353553  0.612372
  -36.464  -12.938  -12.938  -12.301   15.506   16.895   16.895   21.437   21.437   27.475
   28.496
            0.100000  0.353553  0.612372
  -36.467  -12.907  -12.907  -12.363   15.623   16.890   16.890   21.517   21.517   27.352
   28.569
            0.137500  0.353553  0.612372
  -36.468  -12.871  -12.871  -12.442   15.811   16.842   16.842   21.587   21.587   27.223
   28.705
            0.175000  0.353553  0.612372
  -36.468  -12.830  -12.830  -12.535   16.049   16.761   16.761   21.640   21.640   27.100
   28.897
            0.212500  0.353553  0.612372
  -36.468  -12.785  -12.785  -12.634   16.306   16.660   16.660   21.672   21.672   27.002
   29.133
            0.250000  0.353553  0.612372
  -36.468  -12.736  -12.736  -12.736   16.550   16.550   16.550   21.682   21.682   26.961
   29.400
            0.225000  0.318198  0.612372
  -36.468  -12.836  -12.730  -12.636   16.350   16.469   16.798   21.659   21.679   27.023
   28.808
            0.200000  0.282843  0.612372
  -36.469  -12.934  -12.713  -12.538   16.198   16.242   17.095   21.592   21.670   27.202
   28.162
            0.175000  0.247487  0.612372
  -36.471  -13.026  -12.686  -12.444   15.909   16.091   17.436   21.491   21.655   27.475
   27.486
            0.150000  0.212132  0.612372
  -36.474  -13.111  -12.652  -12.358   15.519   16.024   17.816   21.371   21.637   26.801
   27.816
            0.125000  0.176777  0.612372
  -36.476  -13.187  -12.614  -12.281   15.118   15.990   18.228   21.246   21.617   26.124
   28.193
            0.100000  0.141421  0.612372
  -36.479  -13.251  -12.576  -12.216   14.743   15.982   18.656   21.127   21.597   25.473
   28.575
            0.075000  0.106066  0.612372
  -36.482  -13.303  -12.541  -12.163   14.425   15.990   19.079   21.026   21.579   24.875
   28.928
            0.050000  0.070711  0.612372
  -36.483  -13.341  -12.513  -12.124   14.183   16.004   19.460   20.949   21.565   24.368
   29.216
            0.025000  0.035355  0.612372
  -36.485  -13.364  -12.496  -12.101   14.033   16.016   19.738   20.902   21.556   24.013
   29.407
            0.000000  0.000000  0.612372
  -36.485  -13.372  -12.489  -12.093   13.982   16.021   19.844   20.885   21.553   23.882
   29.474
            0.000000  0.000000  0.612372
  -36.485  -13.372  -12.489  -12.093   13.982   16.021   19.844   20.885   21.553   23.882
   29.474
            0.000000  0.000000  0.612372
  -36.485  -13.372  -12.489  -12.093   13.982   16.021   19.844   20.885   21.553   23.882
   29.474
            0.000000  0.000000  0.612372
  -36.485  -13.372  -12.489  -12.093   13.982   16.021   19.844   20.885   21.553   23.882
   29.300
            0.000000  0.000000  0.612372
  -36.485  -13.372  -12.489  -12.093   13.982   16.021   19.844   20.885   21.553   23.882
   29.474
            0.000000  0.000000  0.612372
  -36.485  -13.372  -12.489  -12.093   13.982   16.021   19.844   20.885   21.553   23.882
   29.300
            0.000000  0.000000  0.612372
  -36.485  -13.372  -12.489  -12.093   13.982   16.021   19.844   20.885   21.553   23.882
   29.474
            0.000000  0.000000  0.612372
  -36.485  -13.372  -12.489  -12.093   13.982   16.021   19.844   20.885   21.553   23.882
   29.474
            0.000000  0.000000  0.612372
  -36.485  -13.372  -12.489  -12.093   13.982   16.021   19.844   20.885   21.553   23.882
   29.474
            0.000000  0.000000  0.612372
  -36.485  -13.372  -12.489  -12.093   13.982   16.021   19.844   20.885   21.553   23.882
   29.474
            0.000000  0.000000  0.612372
  -36.485  -13.372  -12.489  -12.093   13.982   16.021   19.844   20.885   21.553   23.882
   29.300
