

*******************************************************************************
Sat May 18 20:22:32 2024


FIT:    data read from 've.data' u 1:2
        format = x:z
        #datapoints = 18
        residuals are weighted equally (unit weight)

function used for fitting: f(x)
	f(x) = (a*x/(b*(b-1)))*(b*(1-c/x)+(c/x)**b-1)+d
fitted parameters initialized with current variable values

iter      chisq       delta/lim  lambda   a             b             c             d            
   0 3.6850546184e+03   0.00e+00  2.57e+02    1.169410e-02   3.288170e+00   3.518850e+01  -5.133510e+02
   8 2.7705117156e-08  -4.11e-01  2.57e-06    1.179255e-02   3.194572e+00   3.473038e+01  -5.276592e+02

After 8 iterations the fit converged.
final sum of squares of residuals : 2.77051e-08
rel. change during last iteration : -4.10615e-06

degrees of freedom    (FIT_NDF)                        : 14
rms of residuals      (FIT_STDFIT) = sqrt(WSSR/ndf)    : 4.44852e-05
variance of residuals (reduced chisquare) = WSSR/ndf   : 1.97894e-09

Final set of parameters            Asymptotic Standard Error
=======================            ==========================
a               = 0.0117925        +/- 3.696e-05    (0.3134%)
b               = 3.19457          +/- 0.07709      (2.413%)
c               = 34.7304          +/- 0.01716      (0.04941%)
d               = -527.659         +/- 1.309e-05    (2.48e-06%)

correlation matrix of the fit parameters:
                a      b      c      d      
a               1.000 
b               0.079  1.000 
c              -0.118 -0.886  1.000 
d              -0.595  0.016  0.004  1.000 


*******************************************************************************
Sat May 18 20:26:20 2024


FIT:    data read from 've.data' u 1:2
        format = x:z
        #datapoints = 18
        residuals are weighted equally (unit weight)

function used for fitting: f(x)
	f(x) = (a*x/(b*(b-1)))*(b*(1-c/x)+(c/x)**b-1)+d
fitted parameters initialized with current variable values

iter      chisq       delta/lim  lambda   a             b             c             d            
   0 6.8050334804e-07   0.00e+00  2.64e+02    1.179250e-02   3.194570e+00   3.473040e+01  -5.276590e+02
   3 2.7705129623e-08  -3.84e-04  2.64e-01    1.179250e-02   3.194570e+00   3.473040e+01  -5.276592e+02

After 3 iterations the fit converged.
final sum of squares of residuals : 2.77051e-08
rel. change during last iteration : -3.84447e-09

degrees of freedom    (FIT_NDF)                        : 14
rms of residuals      (FIT_STDFIT) = sqrt(WSSR/ndf)    : 4.44853e-05
variance of residuals (reduced chisquare) = WSSR/ndf   : 1.97894e-09

Final set of parameters            Asymptotic Standard Error
=======================            ==========================
a               = 0.0117925        +/- 3.696e-05    (0.3134%)
b               = 3.19457          +/- 0.07709      (2.413%)
c               = 34.7304          +/- 0.01716      (0.04941%)
d               = -527.659         +/- 1.309e-05    (2.48e-06%)

correlation matrix of the fit parameters:
                a      b      c      d      
a               1.000 
b               0.079  1.000 
c              -0.118 -0.886  1.000 
d              -0.595  0.016  0.004  1.000 
