

*******************************************************************************
Sat May 18 19:57:23 2024


FIT:    data read from 've.data' u 1:2
        format = x:z
        #datapoints = 18
        residuals are weighted equally (unit weight)

function used for fitting: f(x)
	f(x) = (a*x/(b*(b-1)))*(b*(1-c/x)+(c/x)**b-1)+d
fitted parameters initialized with current variable values

iter      chisq       delta/lim  lambda   a             b             c             d            
   0 3.3712028787e+03   0.00e+00  2.36e+02    1.248190e-02   4.394270e+00   3.783940e+01  -4.717010e+02
   8 5.7866759946e-09  -5.70e-01  2.36e-06    1.264345e-02   4.314537e+00   3.642229e+01  -4.853862e+02

After 8 iterations the fit converged.
final sum of squares of residuals : 5.78668e-09
rel. change during last iteration : -5.69862e-06

degrees of freedom    (FIT_NDF)                        : 14
rms of residuals      (FIT_STDFIT) = sqrt(WSSR/ndf)    : 2.03306e-05
variance of residuals (reduced chisquare) = WSSR/ndf   : 4.13334e-10

Final set of parameters            Asymptotic Standard Error
=======================            ==========================
a               = 0.0126434        +/- 1.714e-05    (0.1356%)
b               = 4.31454          +/- 0.03287      (0.7618%)
c               = 36.4223          +/- 0.007471     (0.02051%)
d               = -485.386         +/- 6.093e-06    (1.255e-06%)

correlation matrix of the fit parameters:
                a      b      c      d      
a               1.000 
b               0.351  1.000 
c              -0.333 -0.889  1.000 
d              -0.611 -0.140  0.158  1.000 


*******************************************************************************
Sat May 18 19:58:15 2024


FIT:    data read from 've.data' u 1:2
        format = x:z
        #datapoints = 18
        residuals are weighted equally (unit weight)

function used for fitting: f(x)
	f(x) = (a*x/(b*(b-1)))*(b*(1-c/x)+(c/x)**b-1)+d
fitted parameters initialized with current variable values

iter      chisq       delta/lim  lambda   a             b             c             d            
   0 4.5559217780e-07   0.00e+00  2.43e+02    1.264340e-02   4.314540e+00   3.642230e+01  -4.853860e+02
   3 5.7866814699e-09  -5.70e-04  2.43e-01    1.264340e-02   4.314540e+00   3.642230e+01  -4.853862e+02

After 3 iterations the fit converged.
final sum of squares of residuals : 5.78668e-09
rel. change during last iteration : -5.70119e-09

degrees of freedom    (FIT_NDF)                        : 14
rms of residuals      (FIT_STDFIT) = sqrt(WSSR/ndf)    : 2.03306e-05
variance of residuals (reduced chisquare) = WSSR/ndf   : 4.13334e-10

Final set of parameters            Asymptotic Standard Error
=======================            ==========================
a               = 0.0126434        +/- 1.714e-05    (0.1356%)
b               = 4.31454          +/- 0.03287      (0.7618%)
c               = 36.4223          +/- 0.007471     (0.02051%)
d               = -485.386         +/- 6.093e-06    (1.255e-06%)

correlation matrix of the fit parameters:
                a      b      c      d      
a               1.000 
b               0.351  1.000 
c              -0.333 -0.889  1.000 
d              -0.611 -0.140  0.158  1.000 
