

*******************************************************************************
Sat May 18 21:56:00 2024


FIT:    data read from 've.data' u 1:2
        format = x:z
        #datapoints = 18
        residuals are weighted equally (unit weight)

function used for fitting: f(x)
	f(x) = (a*x/(b*(b-1)))*(b*(1-c/x)+(c/x)**b-1)+d
fitted parameters initialized with current variable values

iter      chisq       delta/lim  lambda   a             b             c             d            
   0 4.6209885465e+03   0.00e+00  3.09e+02    1.278640e-02   3.363160e+00   3.340390e+01  -6.185130e+02
   9 1.4972911300e-09  -2.76e-03  3.09e-07    1.273368e-02   3.433704e+00   3.323890e+01  -6.345355e+02

After 9 iterations the fit converged.
final sum of squares of residuals : 1.49729e-09
rel. change during last iteration : -2.75759e-08

degrees of freedom    (FIT_NDF)                        : 14
rms of residuals      (FIT_STDFIT) = sqrt(WSSR/ndf)    : 1.03416e-05
variance of residuals (reduced chisquare) = WSSR/ndf   : 1.06949e-10

Final set of parameters            Asymptotic Standard Error
=======================            ==========================
a               = 0.0127337        +/- 8.992e-06    (0.07062%)
b               = 3.4337           +/- 0.01736      (0.5057%)
c               = 33.2389          +/- 0.003695     (0.01111%)
d               = -634.536         +/- 3.043e-06    (4.796e-07%)

correlation matrix of the fit parameters:
                a      b      c      d      
a               1.000 
b               0.076  1.000 
c              -0.127 -0.887  1.000 
d              -0.595  0.018  0.006  1.000 


*******************************************************************************
Sat May 18 21:56:56 2024


FIT:    data read from 've.data' u 1:2
        format = x:z
        #datapoints = 18
        residuals are weighted equally (unit weight)

function used for fitting: f(x)
	f(x) = (a*x/(b*(b-1)))*(b*(1-c/x)+(c/x)**b-1)+d
fitted parameters initialized with current variable values

iter      chisq       delta/lim  lambda   a             b             c             d            
   0 4.3026033871e-06   0.00e+00  3.17e+02    1.273370e-02   3.433700e+00   3.323890e+01  -6.345360e+02
   3 1.4972922877e-09  -1.02e-03  3.17e-01    1.273370e-02   3.433700e+00   3.323890e+01  -6.345355e+02

After 3 iterations the fit converged.
final sum of squares of residuals : 1.49729e-09
rel. change during last iteration : -1.02256e-08

degrees of freedom    (FIT_NDF)                        : 14
rms of residuals      (FIT_STDFIT) = sqrt(WSSR/ndf)    : 1.03416e-05
variance of residuals (reduced chisquare) = WSSR/ndf   : 1.06949e-10

Final set of parameters            Asymptotic Standard Error
=======================            ==========================
a               = 0.0127337        +/- 8.992e-06    (0.07062%)
b               = 3.4337           +/- 0.01736      (0.5057%)
c               = 33.2389          +/- 0.003695     (0.01111%)
d               = -634.536         +/- 3.043e-06    (4.796e-07%)

correlation matrix of the fit parameters:
                a      b      c      d      
a               1.000 
b               0.076  1.000 
c              -0.127 -0.887  1.000 
d              -0.595  0.018  0.006  1.000 
