

*******************************************************************************
Sat May 18 22:16:25 2024


FIT:    data read from 've.data' u 1:2
        format = x:z
        #datapoints = 18
        residuals are weighted equally (unit weight)

function used for fitting: f(x)
	f(x) = (a*x/(b*(b-1)))*(b*(1-c/x)+(c/x)**b-1)+d
fitted parameters initialized with current variable values

iter      chisq       delta/lim  lambda   a             b             c             d            
   0 4.9304607600e+03   0.00e+00  3.25e+02    1.269550e-02   3.133100e+00   3.316050e+01  -6.508200e+02
   9 7.4804118829e-09  -8.35e-02  3.25e-07    1.289936e-02   2.691968e+00   3.310573e+01  -6.673704e+02

After 9 iterations the fit converged.
final sum of squares of residuals : 7.48041e-09
rel. change during last iteration : -8.35468e-07

degrees of freedom    (FIT_NDF)                        : 14
rms of residuals      (FIT_STDFIT) = sqrt(WSSR/ndf)    : 2.31153e-05
variance of residuals (reduced chisquare) = WSSR/ndf   : 5.34315e-10

Final set of parameters            Asymptotic Standard Error
=======================            ==========================
a               = 0.0128994        +/- 2.012e-05    (0.156%)
b               = 2.69197          +/- 0.03841      (1.427%)
c               = 33.1057          +/- 0.008158     (0.02464%)
d               = -667.37          +/- 6.799e-06    (1.019e-06%)

correlation matrix of the fit parameters:
                a      b      c      d      
a               1.000 
b               0.104  1.000 
c              -0.112 -0.885  1.000 
d              -0.595 -0.000  0.008  1.000 


*******************************************************************************
Sat May 18 22:17:47 2024


FIT:    data read from 've.data' u 1:2
        format = x:z
        #datapoints = 18
        residuals are weighted equally (unit weight)

function used for fitting: f(x)
	f(x) = (a*x/(b*(b-1)))*(b*(1-c/x)+(c/x)**b-1)+d
fitted parameters initialized with current variable values

iter      chisq       delta/lim  lambda   a             b             c             d            
   0 2.9253016186e-06   0.00e+00  3.34e+02    1.289940e-02   2.691970e+00   3.310570e+01  -6.673700e+02
   3 7.4804466381e-09  -3.30e-03  3.34e-01    1.289940e-02   2.691970e+00   3.310570e+01  -6.673704e+02

After 3 iterations the fit converged.
final sum of squares of residuals : 7.48045e-09
rel. change during last iteration : -3.29959e-08

degrees of freedom    (FIT_NDF)                        : 14
rms of residuals      (FIT_STDFIT) = sqrt(WSSR/ndf)    : 2.31153e-05
variance of residuals (reduced chisquare) = WSSR/ndf   : 5.34318e-10

Final set of parameters            Asymptotic Standard Error
=======================            ==========================
a               = 0.0128994        +/- 2.012e-05    (0.156%)
b               = 2.69197          +/- 0.03841      (1.427%)
c               = 33.1057          +/- 0.008158     (0.02464%)
d               = -667.37          +/- 6.799e-06    (1.019e-06%)

correlation matrix of the fit parameters:
                a      b      c      d      
a               1.000 
b               0.104  1.000 
c              -0.112 -0.885  1.000 
d              -0.595 -0.000  0.008  1.000 
