

*******************************************************************************
Sat May 18 20:34:03 2024


FIT:    data read from 've.data' u 1:2
        format = x:z
        #datapoints = 18
        residuals are weighted equally (unit weight)

function used for fitting: f(x)
	f(x) = (a*x/(b*(b-1)))*(b*(1-c/x)+(c/x)**b-1)+d
fitted parameters initialized with current variable values

iter      chisq       delta/lim  lambda   a             b             c             d            
   0 3.8040229635e+03   0.00e+00  2.64e+02    1.179250e-02   3.194570e+00   3.473040e+01  -5.276590e+02
   9 6.4479157622e-10  -8.20e-04  2.64e-07    1.181827e-02   3.173190e+00   3.433187e+01  -5.421963e+02

After 9 iterations the fit converged.
final sum of squares of residuals : 6.44792e-10
rel. change during last iteration : -8.20445e-09

degrees of freedom    (FIT_NDF)                        : 14
rms of residuals      (FIT_STDFIT) = sqrt(WSSR/ndf)    : 6.7865e-06
variance of residuals (reduced chisquare) = WSSR/ndf   : 4.60565e-11

Final set of parameters            Asymptotic Standard Error
=======================            ==========================
a               = 0.0118183        +/- 5.698e-06    (0.04822%)
b               = 3.17319          +/- 0.01183      (0.3727%)
c               = 34.3319          +/- 0.002606     (0.007589%)
d               = -542.196         +/- 1.997e-06    (3.683e-07%)

correlation matrix of the fit parameters:
                a      b      c      d      
a               1.000 
b               0.038  1.000 
c              -0.092 -0.886  1.000 
d              -0.594  0.039 -0.016  1.000 


*******************************************************************************
Sat May 18 20:48:45 2024


FIT:    data read from 've.data' u 1:2
        format = x:z
        #datapoints = 18
        residuals are weighted equally (unit weight)

function used for fitting: f(x)
	f(x) = (a*x/(b*(b-1)))*(b*(1-c/x)+(c/x)**b-1)+d
fitted parameters initialized with current variable values

iter      chisq       delta/lim  lambda   a             b             c             d            
   0 1.7107298944e-06   0.00e+00  2.71e+02    1.181830e-02   3.173190e+00   3.433190e+01  -5.421960e+02
   3 6.4482140808e-10  -4.64e-02  2.71e-01    1.181830e-02   3.173190e+00   3.433190e+01  -5.421963e+02

After 3 iterations the fit converged.
final sum of squares of residuals : 6.44821e-10
rel. change during last iteration : -4.64128e-07

degrees of freedom    (FIT_NDF)                        : 14
rms of residuals      (FIT_STDFIT) = sqrt(WSSR/ndf)    : 6.78665e-06
variance of residuals (reduced chisquare) = WSSR/ndf   : 4.60587e-11

Final set of parameters            Asymptotic Standard Error
=======================            ==========================
a               = 0.0118183        +/- 5.698e-06    (0.04822%)
b               = 3.17319          +/- 0.01183      (0.3727%)
c               = 34.3319          +/- 0.002606     (0.007589%)
d               = -542.196         +/- 1.997e-06    (3.683e-07%)

correlation matrix of the fit parameters:
                a      b      c      d      
a               1.000 
b               0.038  1.000 
c              -0.092 -0.886  1.000 
d              -0.594  0.039 -0.016  1.000 
