

*******************************************************************************
Thu May 16 15:45:26 2024


FIT:    data read from 've.data' u 1:2
        format = x:z
        #datapoints = 18
        residuals are weighted equally (unit weight)

function used for fitting: f(x)
	f(x) = (a*x/(b*(b-1)))*(b*(1-c/x)+(c/x)**b-1)+d
fitted parameters initialized with current variable values

iter      chisq       delta/lim  lambda   a             b             c             d            
   0 9.8112093227e+02   0.00e+00  2.75e+02    1.873140e-02   8.883240e-01   3.579330e+00  -5.500480e+02
 139 1.0883023865e-04  -1.57e-01  2.75e-04    1.053214e-06  -1.785345e+01   2.311024e+01  -5.569673e+02

After 139 iterations the fit converged.
final sum of squares of residuals : 0.00010883
rel. change during last iteration : -1.57412e-06

degrees of freedom    (FIT_NDF)                        : 14
rms of residuals      (FIT_STDFIT) = sqrt(WSSR/ndf)    : 0.00278812
variance of residuals (reduced chisquare) = WSSR/ndf   : 7.77359e-06

Final set of parameters            Asymptotic Standard Error
=======================            ==========================
a               = 1.05321e-06      +/- 0.00711      (6.75e+05%)
b               = -17.8535         +/- 19.92        (111.6%)
c               = 23.1102          +/- 8809         (3.812e+04%)
d               = -556.967         +/- 0.00362      (0.00065%)

correlation matrix of the fit parameters:
                a      b      c      d      
a               1.000 
b               0.780  1.000 
c               1.000  0.780  1.000 
d               0.969  0.662  0.969  1.000 


*******************************************************************************
Thu May 16 15:46:23 2024


FIT:    data read from 've.data' u 1:2
        format = x:z
        #datapoints = 18
        residuals are weighted equally (unit weight)

function used for fitting: f(x)
	f(x) = (a*x/(b*(b-1)))*(b*(1-c/x)+(c/x)**b-1)+d
fitted parameters initialized with current variable values

iter      chisq       delta/lim  lambda   a             b             c             d            
   0 8.6254233997e+02   0.00e+00  2.75e+02    1.873140e-02   8.883240e-01   3.400000e+01  -5.500480e+02
  10 2.4389257155e-08  -1.32e-02  2.75e-08    1.208784e-02   3.045769e+00   3.406380e+01  -5.569688e+02

After 10 iterations the fit converged.
final sum of squares of residuals : 2.43893e-08
rel. change during last iteration : -1.32217e-07

degrees of freedom    (FIT_NDF)                        : 14
rms of residuals      (FIT_STDFIT) = sqrt(WSSR/ndf)    : 4.17383e-05
variance of residuals (reduced chisquare) = WSSR/ndf   : 1.74209e-09

Final set of parameters            Asymptotic Standard Error
=======================            ==========================
a               = 0.0120878        +/- 3.602e-05    (0.298%)
b               = 3.04577          +/- 0.07289      (2.393%)
c               = 34.0638          +/- 0.01581      (0.04642%)
d               = -556.969         +/- 1.233e-05    (2.214e-06%)

correlation matrix of the fit parameters:
                a      b      c      d      
a               1.000 
b               0.239  1.000 
c              -0.212 -0.885  1.000 
d              -0.599 -0.076  0.080  1.000 


*******************************************************************************
Thu May 16 15:47:07 2024


FIT:    data read from 've.data' u 1:2
        format = x:z
        #datapoints = 18
        residuals are weighted equally (unit weight)

function used for fitting: f(x)
	f(x) = (a*x/(b*(b-1)))*(b*(1-c/x)+(c/x)**b-1)+d
fitted parameters initialized with current variable values

iter      chisq       delta/lim  lambda   a             b             c             d            
   0 6.4955122768e-07   0.00e+00  2.78e+02    1.208780e-02   3.045770e+00   3.406380e+01  -5.569690e+02
   3 2.4389259803e-08  -9.27e-06  2.78e+01    1.208780e-02   3.045770e+00   3.406380e+01  -5.569688e+02

After 3 iterations the fit converged.
final sum of squares of residuals : 2.43893e-08
rel. change during last iteration : -9.27115e-11

degrees of freedom    (FIT_NDF)                        : 14
rms of residuals      (FIT_STDFIT) = sqrt(WSSR/ndf)    : 4.17384e-05
variance of residuals (reduced chisquare) = WSSR/ndf   : 1.74209e-09

Final set of parameters            Asymptotic Standard Error
=======================            ==========================
a               = 0.0120878        +/- 3.602e-05    (0.298%)
b               = 3.04577          +/- 0.07289      (2.393%)
c               = 34.0638          +/- 0.01581      (0.04642%)
d               = -556.969         +/- 1.233e-05    (2.214e-06%)

correlation matrix of the fit parameters:
                a      b      c      d      
a               1.000 
b               0.239  1.000 
c              -0.212 -0.885  1.000 
d              -0.599 -0.076  0.080  1.000 
