

*******************************************************************************
Sat May 18 21:11:31 2024


FIT:    data read from 've.data' u 1:2
        format = x:z
        #datapoints = 18
        residuals are weighted equally (unit weight)

function used for fitting: f(x)
	f(x) = (a*x/(b*(b-1)))*(b*(1-c/x)+(c/x)**b-1)+d
fitted parameters initialized with current variable values

iter      chisq       delta/lim  lambda   a             b             c             d            
   0 4.0570059024e+03   0.00e+00  2.78e+02    1.186940e-02   2.988490e+00   3.413160e+01  -5.569690e+02
   9 1.5248406217e-09  -2.98e-02  2.78e-07    1.203993e-02   2.758303e+00   3.398205e+01  -5.719820e+02

After 9 iterations the fit converged.
final sum of squares of residuals : 1.52484e-09
rel. change during last iteration : -2.97935e-07

degrees of freedom    (FIT_NDF)                        : 14
rms of residuals      (FIT_STDFIT) = sqrt(WSSR/ndf)    : 1.04363e-05
variance of residuals (reduced chisquare) = WSSR/ndf   : 1.08917e-10

Final set of parameters            Asymptotic Standard Error
=======================            ==========================
a               = 0.0120399        +/- 8.849e-06    (0.07349%)
b               = 2.7583           +/- 0.01795      (0.6507%)
c               = 33.982           +/- 0.003922     (0.01154%)
d               = -571.982         +/- 3.074e-06    (5.374e-07%)

correlation matrix of the fit parameters:
                a      b      c      d      
a               1.000 
b              -0.016  1.000 
c              -0.040 -0.885  1.000 
d              -0.595  0.067 -0.048  1.000 


*******************************************************************************
Sat May 18 21:12:46 2024


FIT:    data read from 've.data' u 1:2
        format = x:z
        #datapoints = 18
        residuals are weighted equally (unit weight)

function used for fitting: f(x)
	f(x) = (a*x/(b*(b-1)))*(b*(1-c/x)+(c/x)**b-1)+d
fitted parameters initialized with current variable values

iter      chisq       delta/lim  lambda   a             b             c             d            
   0 5.3918783596e-09   0.00e+00  2.86e+02    1.203990e-02   2.758300e+00   3.398200e+01  -5.719820e+02
   3 1.5249145755e-09  -4.46e-02  2.86e-01    1.203990e-02   2.758300e+00   3.398200e+01  -5.719820e+02

After 3 iterations the fit converged.
final sum of squares of residuals : 1.52491e-09
rel. change during last iteration : -4.45715e-07

degrees of freedom    (FIT_NDF)                        : 14
rms of residuals      (FIT_STDFIT) = sqrt(WSSR/ndf)    : 1.04366e-05
variance of residuals (reduced chisquare) = WSSR/ndf   : 1.08922e-10

Final set of parameters            Asymptotic Standard Error
=======================            ==========================
a               = 0.0120399        +/- 8.849e-06    (0.0735%)
b               = 2.7583           +/- 0.01795      (0.6507%)
c               = 33.982           +/- 0.003922     (0.01154%)
d               = -571.982         +/- 3.074e-06    (5.374e-07%)

correlation matrix of the fit parameters:
                a      b      c      d      
a               1.000 
b              -0.016  1.000 
c              -0.040 -0.885  1.000 
d              -0.595  0.067 -0.048  1.000 
