

*******************************************************************************
Sat May 18 22:05:25 2024


FIT:    data read from 've.data' u 1:2
        format = x:z
        #datapoints = 18
        residuals are weighted equally (unit weight)

function used for fitting: f(x)
	f(x) = (a*x/(b*(b-1)))*(b*(1-c/x)+(c/x)**b-1)+d
fitted parameters initialized with current variable values

iter      chisq       delta/lim  lambda   a             b             c             d            
   0 4.7729136056e+03   0.00e+00  3.17e+02    1.273370e-02   3.433700e+00   3.323890e+01  -6.345360e+02
   9 9.9754849923e-09  -3.36e-02  3.17e-07    1.269547e-02   3.133097e+00   3.316048e+01  -6.508198e+02

After 9 iterations the fit converged.
final sum of squares of residuals : 9.97548e-09
rel. change during last iteration : -3.36376e-07

degrees of freedom    (FIT_NDF)                        : 14
rms of residuals      (FIT_STDFIT) = sqrt(WSSR/ndf)    : 2.66933e-05
variance of residuals (reduced chisquare) = WSSR/ndf   : 7.12535e-10

Final set of parameters            Asymptotic Standard Error
=======================            ==========================
a               = 0.0126955        +/- 2.326e-05    (0.1832%)
b               = 3.1331           +/- 0.04513      (1.44%)
c               = 33.1605          +/- 0.009582     (0.0289%)
d               = -650.82          +/- 7.855e-06    (1.207e-06%)

correlation matrix of the fit parameters:
                a      b      c      d      
a               1.000 
b               0.114  1.000 
c              -0.137 -0.886  1.000 
d              -0.595 -0.004  0.019  1.000 


*******************************************************************************
Sat May 18 22:06:25 2024


FIT:    data read from 've.data' u 1:2
        format = x:z
        #datapoints = 18
        residuals are weighted equally (unit weight)

function used for fitting: f(x)
	f(x) = (a*x/(b*(b-1)))*(b*(1-c/x)+(c/x)**b-1)+d
fitted parameters initialized with current variable values

iter      chisq       delta/lim  lambda   a             b             c             d            
   0 8.7392526923e-07   0.00e+00  3.25e+02    1.269550e-02   3.133100e+00   3.316050e+01  -6.508200e+02
   3 9.9755078951e-09  -1.74e-03  3.25e-01    1.269550e-02   3.133100e+00   3.316050e+01  -6.508198e+02

After 3 iterations the fit converged.
final sum of squares of residuals : 9.97551e-09
rel. change during last iteration : -1.73871e-08

degrees of freedom    (FIT_NDF)                        : 14
rms of residuals      (FIT_STDFIT) = sqrt(WSSR/ndf)    : 2.66934e-05
variance of residuals (reduced chisquare) = WSSR/ndf   : 7.12536e-10

Final set of parameters            Asymptotic Standard Error
=======================            ==========================
a               = 0.0126955        +/- 2.326e-05    (0.1832%)
b               = 3.1331           +/- 0.04513      (1.44%)
c               = 33.1605          +/- 0.009582     (0.0289%)
d               = -650.82          +/- 7.855e-06    (1.207e-06%)

correlation matrix of the fit parameters:
                a      b      c      d      
a               1.000 
b               0.114  1.000 
c              -0.137 -0.886  1.000 
d              -0.595 -0.004  0.019  1.000 
